<?xml version="1.0" encoding="UTF-8"?>
<!-- Generated by org.testng.reporters.JUnitReportReporter -->
<testsuite hostname="DESKTOP-JUJN2FC" failures="0" tests="7" name="Test.TestClass" time="162.986" errors="0" timestamp="2022-04-06T17:12:05 IST" skipped="0">
  <testcase classname="Test.TestClass" name="Register_functionality" time="24.294"/>
  <system-out/>
  <testcase classname="Test.TestClass" name="Invalid_Login_functionality" time="8.221"/>
  <system-out/>
  <testcase classname="Test.TestClass" name="Login_functionality" time="9.206"/>
  <system-out/>
  <testcase classname="Test.TestClass" name="wishlist_functionality" time="24.218"/>
  <system-out/>
  <testcase classname="Test.TestClass" name="Add_cart_functionality" time="20.628"/>
  <system-out/>
  <testcase classname="Test.TestClass" name="placing_order" time="60.835"/>
  <system-out/>
  <testcase classname="Test.TestClass" name="Returning_order_functionality" time="15.584"/>
  <system-out/>
</testsuite> <!-- Test.TestClass -->
